<?xml version="1.0" encoding="UTF-8"?>
<!-- Generated by org.testng.reporters.JUnitXMLReporter -->
<testsuite hostname="LAPTOP-APIEDJQC" failures="0" tests="3" name="Default test" time="20.456" errors="0" timestamp="23 Aug 2021 06:16:44 GMT">
  <testcase classname="Academy.ETEProject.validateNavbar" name="basePageNavigation" time="5.33"/>
  <testcase classname="Academy.ETEProject.validateNavbar" name="getnamemenucount" time="0.023"/>
  <testcase classname="Academy.ETEProject.validateNavbar" name="menuoptionsclick" time="3.375"/>
</testsuite> <!-- Default test -->
