<?xml version="1.0" encoding="UTF-8"?>
<!-- Generated by org.testng.reporters.JUnitXMLReporter -->
<testsuite hostname="LAPTOP-APIEDJQC" failures="0" tests="8" name="Test" time="81.278" errors="0" timestamp="23 Aug 2021 06:18:13 GMT">
  <testcase classname="Academy.ETEProject.HomePage" name="basePageNavigation" time="10.68"/>
  <testcase classname="Academy.ETEProject.HomePage" name="basePageNavigationNoValues" time="3.86"/>
  <testcase classname="Academy.ETEProject.validateTitle" name="basePageNavigation" time="7.458"/>
  <testcase classname="Academy.ETEProject.validateNavbar" name="basePageNavigation" time="6.879"/>
  <testcase classname="Academy.ETEProject.validateNavbar" name="getnamemenucount" time="0.019"/>
  <testcase classname="Academy.ETEProject.validateNavbar" name="menuoptionsclick" time="5.012"/>
  <testcase classname="Academy.ETEProject.ValidateWidgets" name="ValidatewidgetYoumaylike" time="0.118"/>
  <testcase classname="Academy.ETEProject.ValidateWidgets" name="ValidteViewMoreOfWidget" time="9.408"/>
</testsuite> <!-- Test -->
