<?xml version="1.0" encoding="UTF-8"?>
<!-- Generated by org.testng.reporters.JUnitXMLReporter -->
<testsuite hostname="LAPTOP-APIEDJQC" failures="0" tests="8" name="Test" time="81.17" errors="0" timestamp="21 Aug 2021 07:54:30 GMT">
  <testcase classname="Academy.ETEProject.HomePage" name="basePageNavigation" time="9.54"/>
  <testcase classname="Academy.ETEProject.HomePage" name="basePageNavigationNoValues" time="6.754"/>
  <testcase classname="Academy.ETEProject.validateTitle" name="basePageNavigation" time="8.221"/>
  <testcase classname="Academy.ETEProject.validateNavbar" name="basePageNavigation" time="0.032"/>
  <testcase classname="Academy.ETEProject.validateNavbar" name="getnamemenucount" time="0.019"/>
  <testcase classname="Academy.ETEProject.validateNavbar" name="menuoptionsclick" time="5.878"/>
  <testcase classname="Academy.ETEProject.ValidateWidgets" name="ValidatewidgetYoumaylike" time="0.114"/>
  <testcase classname="Academy.ETEProject.ValidateWidgets" name="ValidteViewMoreOfWidget" time="9.154"/>
</testsuite> <!-- Test -->
