<?xml version="1.0" encoding="UTF-8"?>
<testng-results skipped="0" failed="0" total="1" passed="1">
  <reporter-output>
  </reporter-output>
  <suite name="Surefire suite" duration-ms="31" started-at="2021-08-08T12:46:02Z" finished-at="2021-08-08T12:46:02Z">
    <groups>
    </groups>
    <test name="Surefire test" duration-ms="31" started-at="2021-08-08T12:46:02Z" finished-at="2021-08-08T12:46:02Z">
      <class name="Academy.ETEProject.AppTest">
        <test-method status="PASS" signature="shouldAnswerWithTrue()[pri:0, instance:shouldAnswerWithTrue(Academy.ETEProject.AppTest)]" name="shouldAnswerWithTrue" duration-ms="1" started-at="2021-08-08T18:16:02Z" finished-at="2021-08-08T18:16:02Z">
          <reporter-output>
          </reporter-output>
        </test-method> <!-- shouldAnswerWithTrue -->
      </class> <!-- Academy.ETEProject.AppTest -->
    </test> <!-- Surefire test -->
  </suite> <!-- Surefire suite -->
</testng-results>
