<?xml version="1.0" encoding="UTF-8"?>
<testng-results total="8" passed="8" failed="0" skipped="0">
  <reporter-output>
  </reporter-output>
  <suite started-at="2021-08-23T06:16:52Z" name="Suite" finished-at="2021-08-23T06:18:13Z" duration-ms="81278">
    <groups>
    </groups>
    <test started-at="2021-08-23T06:16:52Z" name="Test" finished-at="2021-08-23T06:18:13Z" duration-ms="81278">
      <class name="Academy.ETEProject.validateTitle">
        <test-method signature="basePageNavigation()[pri:0, instance:Academy.ETEProject.validateTitle@44d52de2]" started-at="2021-08-23T11:47:28Z" name="basePageNavigation" finished-at="2021-08-23T11:47:35Z" duration-ms="7458" status="PASS">
          <reporter-output>
          </reporter-output>
        </test-method> <!-- basePageNavigation -->
      </class> <!-- Academy.ETEProject.validateTitle -->
      <class name="Academy.ETEProject.ValidateWidgets">
        <test-method signature="ValidatewidgetYoumaylike()[pri:0, instance:Academy.ETEProject.ValidateWidgets@4b213651]" started-at="2021-08-23T11:47:47Z" name="ValidatewidgetYoumaylike" finished-at="2021-08-23T11:47:47Z" duration-ms="118" status="PASS">
          <reporter-output>
          </reporter-output>
        </test-method> <!-- ValidatewidgetYoumaylike -->
        <test-method signature="ValidteViewMoreOfWidget()[pri:0, instance:Academy.ETEProject.ValidateWidgets@4b213651]" started-at="2021-08-23T11:47:47Z" name="ValidteViewMoreOfWidget" finished-at="2021-08-23T11:47:57Z" duration-ms="9408" status="PASS">
          <reporter-output>
          </reporter-output>
        </test-method> <!-- ValidteViewMoreOfWidget -->
      </class> <!-- Academy.ETEProject.ValidateWidgets -->
      <class name="Academy.ETEProject.validateNavbar">
        <test-method signature="basePageNavigation()[pri:0, instance:Academy.ETEProject.validateNavbar@41ab013]" started-at="2021-08-23T11:47:35Z" name="basePageNavigation" finished-at="2021-08-23T11:47:42Z" duration-ms="6879" status="PASS">
          <reporter-output>
          </reporter-output>
        </test-method> <!-- basePageNavigation -->
        <test-method signature="getnamemenucount()[pri:0, instance:Academy.ETEProject.validateNavbar@41ab013]" started-at="2021-08-23T11:47:42Z" name="getnamemenucount" finished-at="2021-08-23T11:47:42Z" duration-ms="19" status="PASS">
          <reporter-output>
          </reporter-output>
        </test-method> <!-- getnamemenucount -->
        <test-method signature="menuoptionsclick()[pri:0, instance:Academy.ETEProject.validateNavbar@41ab013]" started-at="2021-08-23T11:47:42Z" name="menuoptionsclick" finished-at="2021-08-23T11:47:47Z" duration-ms="5012" status="PASS">
          <reporter-output>
          </reporter-output>
        </test-method> <!-- menuoptionsclick -->
      </class> <!-- Academy.ETEProject.validateNavbar -->
      <class name="Academy.ETEProject.HomePage">
        <test-method is-config="true" signature="init()[pri:0, instance:Academy.ETEProject.HomePage@4241e0f4]" started-at="2021-08-23T11:46:52Z" name="init" finished-at="2021-08-23T11:46:53Z" duration-ms="828" status="PASS">
          <reporter-output>
          </reporter-output>
        </test-method> <!-- init -->
        <test-method is-config="true" signature="init()[pri:0, instance:Academy.ETEProject.ValidateWidgets@4b213651]" started-at="2021-08-23T11:46:53Z" name="init" finished-at="2021-08-23T11:46:59Z" duration-ms="6486" status="PASS">
          <reporter-output>
          </reporter-output>
        </test-method> <!-- init -->
        <test-method is-config="true" signature="init()[pri:0, instance:Academy.ETEProject.validateNavbar@41ab013]" started-at="2021-08-23T11:46:59Z" name="init" finished-at="2021-08-23T11:47:06Z" duration-ms="7011" status="PASS">
          <reporter-output>
          </reporter-output>
        </test-method> <!-- init -->
        <test-method is-config="true" signature="init()[pri:0, instance:Academy.ETEProject.validateTitle@44d52de2]" started-at="2021-08-23T11:47:06Z" name="init" finished-at="2021-08-23T11:47:13Z" duration-ms="6836" status="PASS">
          <reporter-output>
          </reporter-output>
        </test-method> <!-- init -->
        <test-method signature="basePageNavigation()[pri:0, instance:Academy.ETEProject.HomePage@4241e0f4]" started-at="2021-08-23T11:47:13Z" name="basePageNavigation" finished-at="2021-08-23T11:47:24Z" duration-ms="10680" status="PASS">
          <reporter-output>
          </reporter-output>
        </test-method> <!-- basePageNavigation -->
        <test-method signature="basePageNavigationNoValues()[pri:0, instance:Academy.ETEProject.HomePage@4241e0f4]" started-at="2021-08-23T11:47:24Z" name="basePageNavigationNoValues" finished-at="2021-08-23T11:47:28Z" duration-ms="3860" status="PASS">
          <reporter-output>
          </reporter-output>
        </test-method> <!-- basePageNavigationNoValues -->
        <test-method is-config="true" signature="teardown()[pri:0, instance:Academy.ETEProject.HomePage@4241e0f4]" started-at="2021-08-23T11:47:57Z" name="teardown" finished-at="2021-08-23T11:48:01Z" duration-ms="4158" status="PASS">
          <reporter-output>
          </reporter-output>
        </test-method> <!-- teardown -->
        <test-method is-config="true" signature="teardown()[pri:0, instance:Academy.ETEProject.ValidateWidgets@4b213651]" started-at="2021-08-23T11:48:01Z" name="teardown" finished-at="2021-08-23T11:48:05Z" duration-ms="4165" status="PASS">
          <reporter-output>
          </reporter-output>
        </test-method> <!-- teardown -->
        <test-method is-config="true" signature="teardown()[pri:0, instance:Academy.ETEProject.validateNavbar@41ab013]" started-at="2021-08-23T11:48:05Z" name="teardown" finished-at="2021-08-23T11:48:09Z" duration-ms="4168" status="PASS">
          <reporter-output>
          </reporter-output>
        </test-method> <!-- teardown -->
        <test-method is-config="true" signature="teardown()[pri:0, instance:Academy.ETEProject.validateTitle@44d52de2]" started-at="2021-08-23T11:48:09Z" name="teardown" finished-at="2021-08-23T11:48:13Z" duration-ms="4174" status="PASS">
          <reporter-output>
          </reporter-output>
        </test-method> <!-- teardown -->
      </class> <!-- Academy.ETEProject.HomePage -->
    </test> <!-- Test -->
  </suite> <!-- Suite -->
</testng-results>
